<?xml version="1.0" encoding="UTF-8"?>
<testng-results ignored="0" total="1" passed="1" failed="0" skipped="0">
  <reporter-output>
  </reporter-output>
  <suite started-at="2024-12-20T16:52:43 IST" name="Suite" finished-at="2024-12-20T16:52:48 IST" duration-ms="5278">
    <groups>
    </groups>
    <test started-at="2024-12-20T16:52:43 IST" name="Test" finished-at="2024-12-20T16:52:48 IST" duration-ms="5278">
      <class name="basicScript.MavenExample">
        <test-method signature="project()[pri:0, instance:basicScript.MavenExample@771a660]" started-at="2024-12-20T16:52:43 IST" name="project" finished-at="2024-12-20T16:52:48 IST" duration-ms="5242" status="PASS">
          <reporter-output>
          </reporter-output>
        </test-method> <!-- project -->
      </class> <!-- basicScript.MavenExample -->
    </test> <!-- Test -->
  </suite> <!-- Suite -->
</testng-results>
